[2026-04-05 17:07:13] [CFG] Monitoring 3 pages
[2026-04-05 17:07:13] [CFG] API_MODE_ORDER=['v3', 'v2', 'v1']
[2026-04-05 17:07:13] [CFG] TRUTH_ARRAY_POINT_MODE=latest
[2026-04-05 17:07:13] [CFG] TAIL_SCAN_COUNT=5
[2026-04-05 17:07:13] [CFG] CADENCE_LOG_TAIL_COUNT=5
[2026-04-05 17:07:13] [CFG] PAGE=https://www.wunderground.com/history/daily/us/tx/houston/KHOU/date/2026-4-5 STATION=KHOU LOCATION_ID=KHOU:9:US DATE=20260405
[2026-04-05 17:07:13] [CFG] PAGE=https://www.wunderground.com/history/daily/it/ciampino/LIRA/date/2026-4-5 STATION=LIRA LOCATION_ID=LIRA:9:IT DATE=20260405
[2026-04-05 17:07:13] [CFG] PAGE=https://www.wunderground.com/history/daily/hu/budapest/LHBP/date/2026-4-5 STATION=LHBP LOCATION_ID=LHBP:9:HU DATE=20260405
[2026-04-05 17:07:14] [OBS_NEW] page=https://www.wunderground.com/history/daily/us/tx/houston/KHOU/date/2026-4-5 stream=C value=17.000°C row_index=4 row_count=9 valid_time_gmt=1775382780 (2026-04-05 09:53:00 UTC) source_mode=v1:tail
[2026-04-05 17:07:14] [OBS_NEW] page=https://www.wunderground.com/history/daily/us/tx/houston/KHOU/date/2026-4-5 stream=C value=17.000°C row_index=5 row_count=9 valid_time_gmt=1775384160 (2026-04-05 10:16:00 UTC) source_mode=v1:tail
[2026-04-05 17:07:14] [OBS_NEW] page=https://www.wunderground.com/history/daily/us/tx/houston/KHOU/date/2026-4-5 stream=C value=16.000°C row_index=6 row_count=9 valid_time_gmt=1775386380 (2026-04-05 10:53:00 UTC) source_mode=v1:tail
[2026-04-05 17:07:14] [OBS_NEW] page=https://www.wunderground.com/history/daily/us/tx/houston/KHOU/date/2026-4-5 stream=C value=17.000°C row_index=7 row_count=9 valid_time_gmt=1775389980 (2026-04-05 11:53:00 UTC) source_mode=v1:tail
[2026-04-05 17:07:14] [OBS_NEW] page=https://www.wunderground.com/history/daily/us/tx/houston/KHOU/date/2026-4-5 stream=C value=17.000°C row_index=8 row_count=9 valid_time_gmt=1775393580 (2026-04-05 12:53:00 UTC) source_mode=v1:tail
[2026-04-05 17:07:14] [CADENCE] page=https://www.wunderground.com/history/daily/us/tx/houston/KHOU/date/2026-4-5 stream=C source_mode=v1 tail_times=['09:53', '10:16', '10:53', '11:53', '12:53'] tail_deltas_min=[23, 37, 60, 60]
[2026-04-05 17:07:14] [TRUTH_NEW] page=https://www.wunderground.com/history/daily/us/tx/houston/KHOU/date/2026-4-5 stream=C value=17.000°C row_index=8 row_count=9 valid_time_gmt=1775393580 (2026-04-05 12:53:00 UTC) source_mode=v1:latest
[2026-04-05 17:07:15] [OBS_NEW] page=https://www.wunderground.com/history/daily/us/tx/houston/KHOU/date/2026-4-5 stream=F value=63.000°F row_index=4 row_count=9 valid_time_gmt=1775382780 (2026-04-05 09:53:00 UTC) source_mode=v1:tail
[2026-04-05 17:07:15] [OBS_NEW] page=https://www.wunderground.com/history/daily/us/tx/houston/KHOU/date/2026-4-5 stream=F value=63.000°F row_index=5 row_count=9 valid_time_gmt=1775384160 (2026-04-05 10:16:00 UTC) source_mode=v1:tail
[2026-04-05 17:07:15] [OBS_NEW] page=https://www.wunderground.com/history/daily/us/tx/houston/KHOU/date/2026-4-5 stream=F value=61.000°F row_index=6 row_count=9 valid_time_gmt=1775386380 (2026-04-05 10:53:00 UTC) source_mode=v1:tail
[2026-04-05 17:07:15] [OBS_NEW] page=https://www.wunderground.com/history/daily/us/tx/houston/KHOU/date/2026-4-5 stream=F value=62.000°F row_index=7 row_count=9 valid_time_gmt=1775389980 (2026-04-05 11:53:00 UTC) source_mode=v1:tail
[2026-04-05 17:07:15] [OBS_NEW] page=https://www.wunderground.com/history/daily/us/tx/houston/KHOU/date/2026-4-5 stream=F value=62.000°F row_index=8 row_count=9 valid_time_gmt=1775393580 (2026-04-05 12:53:00 UTC) source_mode=v1:tail
[2026-04-05 17:07:15] [CADENCE] page=https://www.wunderground.com/history/daily/us/tx/houston/KHOU/date/2026-4-5 stream=F source_mode=v1 tail_times=['09:53', '10:16', '10:53', '11:53', '12:53'] tail_deltas_min=[23, 37, 60, 60]
[2026-04-05 17:07:15] [TRUTH_NEW] page=https://www.wunderground.com/history/daily/us/tx/houston/KHOU/date/2026-4-5 stream=F value=62.000°F row_index=8 row_count=9 valid_time_gmt=1775393580 (2026-04-05 12:53:00 UTC) source_mode=v1:latest
[2026-04-05 17:07:15] [OBS_NEW] page=https://www.wunderground.com/history/daily/it/ciampino/LIRA/date/2026-4-5 stream=C value=21.000°C row_index=27 row_count=32 valid_time_gmt=1775389800 (2026-04-05 11:50:00 UTC) source_mode=v1:tail
[2026-04-05 17:07:15] [OBS_NEW] page=https://www.wunderground.com/history/daily/it/ciampino/LIRA/date/2026-4-5 stream=C value=21.000°C row_index=28 row_count=32 valid_time_gmt=1775391600 (2026-04-05 12:20:00 UTC) source_mode=v1:tail
[2026-04-05 17:07:15] [OBS_NEW] page=https://www.wunderground.com/history/daily/it/ciampino/LIRA/date/2026-4-5 stream=C value=21.000°C row_index=29 row_count=32 valid_time_gmt=1775393400 (2026-04-05 12:50:00 UTC) source_mode=v1:tail
[2026-04-05 17:07:15] [OBS_NEW] page=https://www.wunderground.com/history/daily/it/ciampino/LIRA/date/2026-4-5 stream=C value=21.000°C row_index=30 row_count=32 valid_time_gmt=1775395200 (2026-04-05 13:20:00 UTC) source_mode=v1:tail
[2026-04-05 17:07:15] [OBS_NEW] page=https://www.wunderground.com/history/daily/it/ciampino/LIRA/date/2026-4-5 stream=C value=21.000°C row_index=31 row_count=32 valid_time_gmt=1775397000 (2026-04-05 13:50:00 UTC) source_mode=v1:tail
[2026-04-05 17:07:15] [CADENCE] page=https://www.wunderground.com/history/daily/it/ciampino/LIRA/date/2026-4-5 stream=C source_mode=v1 tail_times=['11:50', '12:20', '12:50', '13:20', '13:50'] tail_deltas_min=[30, 30, 30, 30]
[2026-04-05 17:07:15] [TRUTH_NEW] page=https://www.wunderground.com/history/daily/it/ciampino/LIRA/date/2026-4-5 stream=C value=21.000°C row_index=31 row_count=32 valid_time_gmt=1775397000 (2026-04-05 13:50:00 UTC) source_mode=v1:latest
[2026-04-05 17:07:15] [OBS_NEW] page=https://www.wunderground.com/history/daily/it/ciampino/LIRA/date/2026-4-5 stream=F value=70.000°F row_index=27 row_count=32 valid_time_gmt=1775389800 (2026-04-05 11:50:00 UTC) source_mode=v1:tail
[2026-04-05 17:07:15] [OBS_NEW] page=https://www.wunderground.com/history/daily/it/ciampino/LIRA/date/2026-4-5 stream=F value=70.000°F row_index=28 row_count=32 valid_time_gmt=1775391600 (2026-04-05 12:20:00 UTC) source_mode=v1:tail
[2026-04-05 17:07:15] [OBS_NEW] page=https://www.wunderground.com/history/daily/it/ciampino/LIRA/date/2026-4-5 stream=F value=70.000°F row_index=29 row_count=32 valid_time_gmt=1775393400 (2026-04-05 12:50:00 UTC) source_mode=v1:tail
[2026-04-05 17:07:15] [OBS_NEW] page=https://www.wunderground.com/history/daily/it/ciampino/LIRA/date/2026-4-5 stream=F value=70.000°F row_index=30 row_count=32 valid_time_gmt=1775395200 (2026-04-05 13:20:00 UTC) source_mode=v1:tail
[2026-04-05 17:07:15] [OBS_NEW] page=https://www.wunderground.com/history/daily/it/ciampino/LIRA/date/2026-4-5 stream=F value=70.000°F row_index=31 row_count=32 valid_time_gmt=1775397000 (2026-04-05 13:50:00 UTC) source_mode=v1:tail
[2026-04-05 17:07:15] [CADENCE] page=https://www.wunderground.com/history/daily/it/ciampino/LIRA/date/2026-4-5 stream=F source_mode=v1 tail_times=['11:50', '12:20', '12:50', '13:20', '13:50'] tail_deltas_min=[30, 30, 30, 30]
[2026-04-05 17:07:15] [TRUTH_NEW] page=https://www.wunderground.com/history/daily/it/ciampino/LIRA/date/2026-4-5 stream=F value=70.000°F row_index=31 row_count=32 valid_time_gmt=1775397000 (2026-04-05 13:50:00 UTC) source_mode=v1:latest
[2026-04-05 17:07:16] [OBS_NEW] page=https://www.wunderground.com/history/daily/hu/budapest/LHBP/date/2026-4-5 stream=C value=20.000°C row_index=28 row_count=33 valid_time_gmt=1775390400 (2026-04-05 12:00:00 UTC) source_mode=v1:tail
[2026-04-05 17:07:16] [OBS_NEW] page=https://www.wunderground.com/history/daily/hu/budapest/LHBP/date/2026-4-5 stream=C value=21.000°C row_index=29 row_count=33 valid_time_gmt=1775392200 (2026-04-05 12:30:00 UTC) source_mode=v1:tail
[2026-04-05 17:07:16] [OBS_NEW] page=https://www.wunderground.com/history/daily/hu/budapest/LHBP/date/2026-4-5 stream=C value=21.000°C row_index=30 row_count=33 valid_time_gmt=1775394000 (2026-04-05 13:00:00 UTC) source_mode=v1:tail
[2026-04-05 17:07:16] [OBS_NEW] page=https://www.wunderground.com/history/daily/hu/budapest/LHBP/date/2026-4-5 stream=C value=21.000°C row_index=31 row_count=33 valid_time_gmt=1775395800 (2026-04-05 13:30:00 UTC) source_mode=v1:tail
[2026-04-05 17:07:16] [OBS_NEW] page=https://www.wunderground.com/history/daily/hu/budapest/LHBP/date/2026-4-5 stream=C value=21.000°C row_index=32 row_count=33 valid_time_gmt=1775397600 (2026-04-05 14:00:00 UTC) source_mode=v1:tail
[2026-04-05 17:07:16] [CADENCE] page=https://www.wunderground.com/history/daily/hu/budapest/LHBP/date/2026-4-5 stream=C source_mode=v1 tail_times=['12:00', '12:30', '13:00', '13:30', '14:00'] tail_deltas_min=[30, 30, 30, 30]
[2026-04-05 17:07:16] [TRUTH_NEW] page=https://www.wunderground.com/history/daily/hu/budapest/LHBP/date/2026-4-5 stream=C value=21.000°C row_index=32 row_count=33 valid_time_gmt=1775397600 (2026-04-05 14:00:00 UTC) source_mode=v1:latest
[2026-04-05 17:07:16] [OBS_NEW] page=https://www.wunderground.com/history/daily/hu/budapest/LHBP/date/2026-4-5 stream=F value=68.000°F row_index=28 row_count=33 valid_time_gmt=1775390400 (2026-04-05 12:00:00 UTC) source_mode=v1:tail
[2026-04-05 17:07:16] [OBS_NEW] page=https://www.wunderground.com/history/daily/hu/budapest/LHBP/date/2026-4-5 stream=F value=70.000°F row_index=29 row_count=33 valid_time_gmt=1775392200 (2026-04-05 12:30:00 UTC) source_mode=v1:tail
[2026-04-05 17:07:16] [OBS_NEW] page=https://www.wunderground.com/history/daily/hu/budapest/LHBP/date/2026-4-5 stream=F value=70.000°F row_index=30 row_count=33 valid_time_gmt=1775394000 (2026-04-05 13:00:00 UTC) source_mode=v1:tail
[2026-04-05 17:07:16] [OBS_NEW] page=https://www.wunderground.com/history/daily/hu/budapest/LHBP/date/2026-4-5 stream=F value=70.000°F row_index=31 row_count=33 valid_time_gmt=1775395800 (2026-04-05 13:30:00 UTC) source_mode=v1:tail
[2026-04-05 17:07:16] [OBS_NEW] page=https://www.wunderground.com/history/daily/hu/budapest/LHBP/date/2026-4-5 stream=F value=70.000°F row_index=32 row_count=33 valid_time_gmt=1775397600 (2026-04-05 14:00:00 UTC) source_mode=v1:tail
[2026-04-05 17:07:16] [CADENCE] page=https://www.wunderground.com/history/daily/hu/budapest/LHBP/date/2026-4-5 stream=F source_mode=v1 tail_times=['12:00', '12:30', '13:00', '13:30', '14:00'] tail_deltas_min=[30, 30, 30, 30]
[2026-04-05 17:07:16] [TRUTH_NEW] page=https://www.wunderground.com/history/daily/hu/budapest/LHBP/date/2026-4-5 stream=F value=70.000°F row_index=32 row_count=33 valid_time_gmt=1775397600 (2026-04-05 14:00:00 UTC) source_mode=v1:latest
[2026-04-05 17:07:21] [OBS_NEW] page=https://www.wunderground.com/history/daily/us/tx/houston/KHOU/date/2026-4-5 stream=C value=17.000°C row_index=9 row_count=10 valid_time_gmt=1775397180 (2026-04-05 13:53:00 UTC) source_mode=v1:tail
[2026-04-05 17:07:21] [CADENCE] page=https://www.wunderground.com/history/daily/us/tx/houston/KHOU/date/2026-4-5 stream=C source_mode=v1 tail_times=['10:16', '10:53', '11:53', '12:53', '13:53'] tail_deltas_min=[37, 60, 60, 60]
[2026-04-05 17:07:21] [TRUTH_NEW] page=https://www.wunderground.com/history/daily/us/tx/houston/KHOU/date/2026-4-5 stream=C value=17.000°C row_index=9 row_count=10 valid_time_gmt=1775397180 (2026-04-05 13:53:00 UTC) source_mode=v1:latest
[2026-04-05 17:07:22] [OBS_NEW] page=https://www.wunderground.com/history/daily/us/tx/houston/KHOU/date/2026-4-5 stream=F value=63.000°F row_index=9 row_count=10 valid_time_gmt=1775397180 (2026-04-05 13:53:00 UTC) source_mode=v1:tail
[2026-04-05 17:07:22] [CADENCE] page=https://www.wunderground.com/history/daily/us/tx/houston/KHOU/date/2026-4-5 stream=F source_mode=v1 tail_times=['10:16', '10:53', '11:53', '12:53', '13:53'] tail_deltas_min=[37, 60, 60, 60]
[2026-04-05 17:07:22] [TRUTH_NEW] page=https://www.wunderground.com/history/daily/us/tx/houston/KHOU/date/2026-4-5 stream=F value=63.000°F row_index=9 row_count=10 valid_time_gmt=1775397180 (2026-04-05 13:53:00 UTC) source_mode=v1:latest
[2026-04-05 17:57:13] [OBS_NEW] page=https://www.wunderground.com/history/daily/us/tx/houston/KHOU/date/2026-4-5 stream=F value=63.000°F row_index=10 row_count=11 valid_time_gmt=1775400780 (2026-04-05 14:53:00 UTC) source_mode=v1:tail
[2026-04-05 17:57:13] [CADENCE] page=https://www.wunderground.com/history/daily/us/tx/houston/KHOU/date/2026-4-5 stream=F source_mode=v1 tail_times=['10:53', '11:53', '12:53', '13:53', '14:53'] tail_deltas_min=[60, 60, 60, 60]
[2026-04-05 17:57:13] [TRUTH_NEW] page=https://www.wunderground.com/history/daily/us/tx/houston/KHOU/date/2026-4-5 stream=F value=63.000°F row_index=10 row_count=11 valid_time_gmt=1775400780 (2026-04-05 14:53:00 UTC) source_mode=v1:latest
[2026-04-05 17:59:44] [OBS_NEW] page=https://www.wunderground.com/history/daily/us/tx/houston/KHOU/date/2026-4-5 stream=C value=17.000°C row_index=10 row_count=11 valid_time_gmt=1775400780 (2026-04-05 14:53:00 UTC) source_mode=v1:tail
[2026-04-05 17:59:44] [CADENCE] page=https://www.wunderground.com/history/daily/us/tx/houston/KHOU/date/2026-4-5 stream=C source_mode=v1 tail_times=['10:53', '11:53', '12:53', '13:53', '14:53'] tail_deltas_min=[60, 60, 60, 60]
[2026-04-05 17:59:44] [TRUTH_NEW] page=https://www.wunderground.com/history/daily/us/tx/houston/KHOU/date/2026-4-5 stream=C value=17.000°C row_index=10 row_count=11 valid_time_gmt=1775400780 (2026-04-05 14:53:00 UTC) source_mode=v1:latest
[2026-04-05 18:01:23] [OBS_NEW] page=https://www.wunderground.com/history/daily/it/ciampino/LIRA/date/2026-4-5 stream=C value=21.000°C row_index=32 row_count=34 valid_time_gmt=1775398800 (2026-04-05 14:20:00 UTC) source_mode=v1:tail
[2026-04-05 18:01:23] [OBS_NEW] page=https://www.wunderground.com/history/daily/it/ciampino/LIRA/date/2026-4-5 stream=C value=20.000°C row_index=33 row_count=34 valid_time_gmt=1775400600 (2026-04-05 14:50:00 UTC) source_mode=v1:tail
[2026-04-05 18:01:23] [CADENCE] page=https://www.wunderground.com/history/daily/it/ciampino/LIRA/date/2026-4-5 stream=C source_mode=v1 tail_times=['12:50', '13:20', '13:50', '14:20', '14:50'] tail_deltas_min=[30, 30, 30, 30]
[2026-04-05 18:01:23] [TRUTH_NEW] page=https://www.wunderground.com/history/daily/it/ciampino/LIRA/date/2026-4-5 stream=C value=20.000°C row_index=33 row_count=34 valid_time_gmt=1775400600 (2026-04-05 14:50:00 UTC) source_mode=v1:latest
[2026-04-05 18:01:23] [OBS_NEW] page=https://www.wunderground.com/history/daily/it/ciampino/LIRA/date/2026-4-5 stream=F value=70.000°F row_index=32 row_count=34 valid_time_gmt=1775398800 (2026-04-05 14:20:00 UTC) source_mode=v1:tail
[2026-04-05 18:01:23] [OBS_NEW] page=https://www.wunderground.com/history/daily/it/ciampino/LIRA/date/2026-4-5 stream=F value=68.000°F row_index=33 row_count=34 valid_time_gmt=1775400600 (2026-04-05 14:50:00 UTC) source_mode=v1:tail
[2026-04-05 18:01:23] [CADENCE] page=https://www.wunderground.com/history/daily/it/ciampino/LIRA/date/2026-4-5 stream=F source_mode=v1 tail_times=['12:50', '13:20', '13:50', '14:20', '14:50'] tail_deltas_min=[30, 30, 30, 30]
[2026-04-05 18:01:23] [TRUTH_NEW] page=https://www.wunderground.com/history/daily/it/ciampino/LIRA/date/2026-4-5 stream=F value=68.000°F row_index=33 row_count=34 valid_time_gmt=1775400600 (2026-04-05 14:50:00 UTC) source_mode=v1:latest
[2026-04-05 18:01:23] [OBS_NEW] page=https://www.wunderground.com/history/daily/hu/budapest/LHBP/date/2026-4-5 stream=C value=21.000°C row_index=33 row_count=34 valid_time_gmt=1775399400 (2026-04-05 14:30:00 UTC) source_mode=v1:tail
[2026-04-05 18:01:23] [CADENCE] page=https://www.wunderground.com/history/daily/hu/budapest/LHBP/date/2026-4-5 stream=C source_mode=v1 tail_times=['12:30', '13:00', '13:30', '14:00', '14:30'] tail_deltas_min=[30, 30, 30, 30]
[2026-04-05 18:01:23] [TRUTH_NEW] page=https://www.wunderground.com/history/daily/hu/budapest/LHBP/date/2026-4-5 stream=C value=21.000°C row_index=33 row_count=34 valid_time_gmt=1775399400 (2026-04-05 14:30:00 UTC) source_mode=v1:latest
[2026-04-05 18:01:23] [OBS_NEW] page=https://www.wunderground.com/history/daily/hu/budapest/LHBP/date/2026-4-5 stream=F value=70.000°F row_index=33 row_count=34 valid_time_gmt=1775399400 (2026-04-05 14:30:00 UTC) source_mode=v1:tail
[2026-04-05 18:01:23] [CADENCE] page=https://www.wunderground.com/history/daily/hu/budapest/LHBP/date/2026-4-5 stream=F source_mode=v1 tail_times=['12:30', '13:00', '13:30', '14:00', '14:30'] tail_deltas_min=[30, 30, 30, 30]
[2026-04-05 18:01:23] [TRUTH_NEW] page=https://www.wunderground.com/history/daily/hu/budapest/LHBP/date/2026-4-5 stream=F value=70.000°F row_index=33 row_count=34 valid_time_gmt=1775399400 (2026-04-05 14:30:00 UTC) source_mode=v1:latest
[2026-04-05 18:03:59] [CADENCE] page=https://www.wunderground.com/history/daily/it/ciampino/LIRA/date/2026-4-5 stream=F source_mode=v1 tail_times=['11:50', '12:20', '12:50', '13:20', '13:50'] tail_deltas_min=[30, 30, 30, 30]
[2026-04-05 18:03:59] [ROLLBACK_SKIP] page=https://www.wunderground.com/history/daily/it/ciampino/LIRA/date/2026-4-5 stream=F candidate_time=1775397000 (2026-04-05 13:50:00 UTC) candidate_row_count=32 last_time=1775400600 (2026-04-05 14:50:00 UTC) last_row_count=34 source_mode=v1:latest
[2026-04-05 18:04:00] [CADENCE] page=https://www.wunderground.com/history/daily/hu/budapest/LHBP/date/2026-4-5 stream=F source_mode=v1 tail_times=['12:00', '12:30', '13:00', '13:30', '14:00'] tail_deltas_min=[30, 30, 30, 30]
[2026-04-05 18:04:00] [ROLLBACK_SKIP] page=https://www.wunderground.com/history/daily/hu/budapest/LHBP/date/2026-4-5 stream=F candidate_time=1775397600 (2026-04-05 14:00:00 UTC) candidate_row_count=33 last_time=1775399400 (2026-04-05 14:30:00 UTC) last_row_count=34 source_mode=v1:latest
[2026-04-05 18:04:05] [CADENCE] page=https://www.wunderground.com/history/daily/us/tx/houston/KHOU/date/2026-4-5 stream=C source_mode=v1 tail_times=['10:16', '10:53', '11:53', '12:53', '13:53'] tail_deltas_min=[37, 60, 60, 60]
[2026-04-05 18:04:05] [ROLLBACK_SKIP] page=https://www.wunderground.com/history/daily/us/tx/houston/KHOU/date/2026-4-5 stream=C candidate_time=1775397180 (2026-04-05 13:53:00 UTC) candidate_row_count=10 last_time=1775400780 (2026-04-05 14:53:00 UTC) last_row_count=11 source_mode=v1:latest
[2026-04-05 18:04:05] [CADENCE] page=https://www.wunderground.com/history/daily/it/ciampino/LIRA/date/2026-4-5 stream=C source_mode=v1 tail_times=['11:50', '12:20', '12:50', '13:20', '13:50'] tail_deltas_min=[30, 30, 30, 30]
[2026-04-05 18:04:05] [ROLLBACK_SKIP] page=https://www.wunderground.com/history/daily/it/ciampino/LIRA/date/2026-4-5 stream=C candidate_time=1775397000 (2026-04-05 13:50:00 UTC) candidate_row_count=32 last_time=1775400600 (2026-04-05 14:50:00 UTC) last_row_count=34 source_mode=v1:latest
[2026-04-05 18:04:06] [ROLLBACK_SKIP] page=https://www.wunderground.com/history/daily/it/ciampino/LIRA/date/2026-4-5 stream=F candidate_time=1775397000 (2026-04-05 13:50:00 UTC) candidate_row_count=32 last_time=1775400600 (2026-04-05 14:50:00 UTC) last_row_count=34 source_mode=v1:latest
[2026-04-05 18:04:06] [ROLLBACK_SKIP] page=https://www.wunderground.com/history/daily/hu/budapest/LHBP/date/2026-4-5 stream=F candidate_time=1775397600 (2026-04-05 14:00:00 UTC) candidate_row_count=33 last_time=1775399400 (2026-04-05 14:30:00 UTC) last_row_count=34 source_mode=v1:latest
[2026-04-05 18:04:11] [CADENCE] page=https://www.wunderground.com/history/daily/us/tx/houston/KHOU/date/2026-4-5 stream=C source_mode=v1 tail_times=['10:53', '11:53', '12:53', '13:53', '14:53'] tail_deltas_min=[60, 60, 60, 60]
[2026-04-05 18:04:12] [ROLLBACK_SKIP] page=https://www.wunderground.com/history/daily/it/ciampino/LIRA/date/2026-4-5 stream=C candidate_time=1775397000 (2026-04-05 13:50:00 UTC) candidate_row_count=32 last_time=1775400600 (2026-04-05 14:50:00 UTC) last_row_count=34 source_mode=v1:latest
[2026-04-05 18:04:12] [CADENCE] page=https://www.wunderground.com/history/daily/it/ciampino/LIRA/date/2026-4-5 stream=F source_mode=v1 tail_times=['12:50', '13:20', '13:50', '14:20', '14:50'] tail_deltas_min=[30, 30, 30, 30]
[2026-04-05 18:04:12] [CADENCE] page=https://www.wunderground.com/history/daily/hu/budapest/LHBP/date/2026-4-5 stream=F source_mode=v1 tail_times=['12:30', '13:00', '13:30', '14:00', '14:30'] tail_deltas_min=[30, 30, 30, 30]
[2026-04-05 18:04:18] [CADENCE] page=https://www.wunderground.com/history/daily/it/ciampino/LIRA/date/2026-4-5 stream=C source_mode=v1 tail_times=['12:50', '13:20', '13:50', '14:20', '14:50'] tail_deltas_min=[30, 30, 30, 30]